{
  "RSpec": {
    "coverage": {
      "/Users/student/Projects/week-10/tic-tac-toe/spec/board_spec.rb": [
        1,
        null,
        1,
        2,
        null,
        2,
        null,
        null,
        1,
        1,
        null,
        null,
        null,
        null
      ],
      "/Users/student/Projects/week-10/tic-tac-toe/lib/board.rb": [
        null,
        1,
        null,
        1,
        null,
        1,
        1,
        null,
        null,
        null,
        null
      ]
    },
    "timestamp": 1574250223
  }
}
